Arguments: 
  /Users/emilstolpe/.nvm/versions/node/v14.15.0/bin/node /opt/homebrew/Cellar/yarn/1.22.17_2/libexec/bin/yarn.js upgrade @react-native-draggable@1.0.15

PATH: 
  /Users/emilstolpe/.rvm/gems/ruby-3.0.0/bin:/Users/emilstolpe/.rvm/gems/ruby-3.0.0@global/bin:/Users/emilstolpe/.rvm/rubies/ruby-3.0.0/bin:/opt/homebrew/opt/php@7.4/sbin:/opt/homebrew/opt/php@7.4/bin:/Users/emilstolpe/.nvm/versions/node/v14.15.0/bin:/opt/homebrew/bin:/opt/homebrew/sbin:/usr/local/bin:/usr/bin:/bin:/usr/sbin:/sbin:/usr/local/MacGPG2/bin:/Library/Apple/usr/bin:/Users/emilstolpe/Library/Android/sdk/platform-tools:/Users/emilstolpe/.rvm/bin

Yarn version: 
  1.22.17

Node version: 
  14.15.0

Platform: 
  darwin x64

Trace: 
  Error: https://registry.yarnpkg.com/@react-native-draggable: Request "https://registry.yarnpkg.com/@react-native-draggable" returned a 405
      at Request.params.callback [as _callback] (/opt/homebrew/Cellar/yarn/1.22.17_2/libexec/lib/cli.js:67038:18)
      at Request.self.callback (/opt/homebrew/Cellar/yarn/1.22.17_2/libexec/lib/cli.js:140883:22)
      at Request.emit (events.js:315:20)
      at Request.<anonymous> (/opt/homebrew/Cellar/yarn/1.22.17_2/libexec/lib/cli.js:141855:10)
      at Request.emit (events.js:315:20)
      at IncomingMessage.<anonymous> (/opt/homebrew/Cellar/yarn/1.22.17_2/libexec/lib/cli.js:141777:12)
      at Object.onceWrapper (events.js:421:28)
      at IncomingMessage.emit (events.js:327:22)
      at endReadableNT (_stream_readable.js:1327:12)
      at processTicksAndRejections (internal/process/task_queues.js:80:21)

npm manifest: 
  {
    "dependencies": {
      "react-native-draggable": "^3.3.0"
    }
  }

yarn manifest: 
  No manifest

Lockfile: 
  # THIS IS AN AUTOGENERATED FILE. DO NOT EDIT THIS FILE DIRECTLY.
  # yarn lockfile v1
  
  
  "js-tokens@^3.0.0 || ^4.0.0":
    version "4.0.0"
    resolved "https://registry.yarnpkg.com/js-tokens/-/js-tokens-4.0.0.tgz#19203fb59991df98e3a287050d4647cdeaf32499"
    integrity sha512-RdJUflcE3cUzKiMqQgsCu06FPu9UdIJO0beYbPhHN4k6apgJtifcoCtT9bcxOpYBtpD2kCM6Sbzg4CausW/PKQ==
  
  loose-envify@^1.4.0:
    version "1.4.0"
    resolved "https://registry.yarnpkg.com/loose-envify/-/loose-envify-1.4.0.tgz#71ee51fa7be4caec1a63839f7e682d8132d30caf"
    integrity sha512-lyuxPGr/Wfhrlem2CL/UcnUc1zcqKAImBDzukY7Y5F/yQiNdko6+fRLevlw1HgMySw7f611UIY408EtxRSoK3Q==
    dependencies:
      js-tokens "^3.0.0 || ^4.0.0"
  
  object-assign@^4.1.1:
    version "4.1.1"
    resolved "https://registry.yarnpkg.com/object-assign/-/object-assign-4.1.1.tgz#2109adc7965887cfc05cbbd442cac8bfbb360863"
    integrity sha512-rJgTQnkUnH1sFw8yT6VSU3zD3sWmu6sZhIseY8VX+GRu3P6F7Fu+JNDoXfklElbLJSnc3FUQHVe4cU5hj+BcUg==
  
  prop-types@^15.7.2:
    version "15.8.1"
    resolved "https://registry.yarnpkg.com/prop-types/-/prop-types-15.8.1.tgz#67d87bf1a694f48435cf332c24af10214a3140b5"
    integrity sha512-oj87CgZICdulUohogVAR7AjlC0327U4el4L6eAvOqCeudMDVU0NThNaV+b9Df4dXgSP1gXMTnPdhfe/2qDH5cg==
    dependencies:
      loose-envify "^1.4.0"
      object-assign "^4.1.1"
      react-is "^16.13.1"
  
  react-is@^16.13.1:
    version "16.13.1"
    resolved "https://registry.yarnpkg.com/react-is/-/react-is-16.13.1.tgz#789729a4dc36de2999dc156dd6c1d9c18cea56a4"
    integrity sha512-24e6ynE2H+OKt4kqsOvNd8kBpV65zoxbA4BVsEOB3ARVWQki/DHzaUoC5KuON/BiccDaCCTZBuOcfZs70kR8bQ==
  
  react-native-draggable@^3.3.0:
    version "3.3.0"
    resolved "https://registry.yarnpkg.com/react-native-draggable/-/react-native-draggable-3.3.0.tgz#6f07c3ad4cff018bf0455fc48dbfe5f0af9b72cd"
    integrity sha512-aU20CaKBmzXrwE9eTJZ+GDOr52mXLchg5Vydbx5rz8nYXlN+ppHIoTPgyXduyWNwpZ/DR6tyFtMwdgUHpuN6oA==
    dependencies:
      prop-types "^15.7.2"
